2025-08-15 09:00:50 - app.core.logging - INFO - Logging configured successfully
2025-08-15 09:00:54 - app.core.logging - INFO - Starting ReelRanker API...
2025-08-15 09:00:54 - app.core.logging - ERROR - Error during startup: (psycopg2.OperationalError) connection to server at "localhost" (127.0.0.1), port 5432 failed: Connection refused
	Is the server running on that host and accepting TCP/IP connections?
connection to server at "localhost" (::1), port 5432 failed: Connection refused
	Is the server running on that host and accepting TCP/IP connections?

(Background on this error at: https://sqlalche.me/e/20/e3q8)
2025-08-15 09:18:13 - app.core.logging - INFO - Logging configured successfully
2025-08-15 09:18:13 - app.core.logging - INFO - Starting ReelRanker API...
2025-08-15 09:18:13 - app.core.logging - ERROR - Error during startup: (psycopg2.OperationalError) connection to server at "localhost" (127.0.0.1), port 5432 failed: Connection refused
	Is the server running on that host and accepting TCP/IP connections?
connection to server at "localhost" (::1), port 5432 failed: Connection refused
	Is the server running on that host and accepting TCP/IP connections?

(Background on this error at: https://sqlalche.me/e/20/e3q8)
2025-08-15 09:37:01 - app.core.logging - INFO - Logging configured successfully
2025-08-15 09:37:01 - app.core.logging - INFO - Starting ReelRanker API...
2025-08-15 09:37:01 - app.core.logging - ERROR - Error during startup: (psycopg2.OperationalError) connection to server at "localhost" (127.0.0.1), port 5432 failed: Connection refused
	Is the server running on that host and accepting TCP/IP connections?
connection to server at "localhost" (::1), port 5432 failed: Connection refused
	Is the server running on that host and accepting TCP/IP connections?

(Background on this error at: https://sqlalche.me/e/20/e3q8)
2025-08-15 09:38:28 - app.core.logging - INFO - Logging configured successfully
2025-08-15 09:38:28 - app.core.logging - INFO - Starting ReelRanker API...
2025-08-15 09:38:28 - app.core.logging - WARNING - Database initialization failed (this is OK for development): (psycopg2.OperationalError) connection to server at "localhost" (127.0.0.1), port 5432 failed: Connection refused
	Is the server running on that host and accepting TCP/IP connections?
connection to server at "localhost" (::1), port 5432 failed: Connection refused
	Is the server running on that host and accepting TCP/IP connections?

(Background on this error at: https://sqlalche.me/e/20/e3q8)
2025-08-15 09:38:28 - app.core.logging - INFO - API will run without database connection - using mock data
2025-08-15 09:38:28 - app.core.logging - INFO - ReelRanker API started successfully
2025-08-15 09:38:37 - app.core.logging - INFO - Shutting down ReelRanker API...
2025-08-15 09:38:37 - app.core.logging - INFO - Logging configured successfully
2025-08-15 09:38:38 - app.core.logging - INFO - Starting ReelRanker API...
2025-08-15 09:38:38 - app.core.logging - WARNING - Database initialization failed (this is OK for development): (psycopg2.OperationalError) connection to server at "localhost" (127.0.0.1), port 5432 failed: Connection refused
	Is the server running on that host and accepting TCP/IP connections?
connection to server at "localhost" (::1), port 5432 failed: Connection refused
	Is the server running on that host and accepting TCP/IP connections?

(Background on this error at: https://sqlalche.me/e/20/e3q8)
2025-08-15 09:38:38 - app.core.logging - INFO - API will run without database connection - using mock data
2025-08-15 09:38:38 - app.core.logging - INFO - ReelRanker API started successfully
2025-08-15 09:39:25 - app.core.logging - INFO - Shutting down ReelRanker API...
2025-08-15 09:39:26 - app.core.logging - INFO - Logging configured successfully
2025-08-15 09:39:26 - app.core.logging - INFO - Starting ReelRanker API...
2025-08-15 09:39:26 - app.core.logging - WARNING - Database initialization failed (this is OK for development): (psycopg2.OperationalError) connection to server at "localhost" (127.0.0.1), port 5432 failed: Connection refused
	Is the server running on that host and accepting TCP/IP connections?
connection to server at "localhost" (::1), port 5432 failed: Connection refused
	Is the server running on that host and accepting TCP/IP connections?

(Background on this error at: https://sqlalche.me/e/20/e3q8)
2025-08-15 09:39:26 - app.core.logging - INFO - API will run without database connection - using mock data
2025-08-15 09:39:26 - app.core.logging - INFO - ReelRanker API started successfully
2025-08-15 09:39:30 - app.core.logging - INFO - Shutting down ReelRanker API...
2025-08-15 09:39:30 - app.core.logging - INFO - Logging configured successfully
2025-08-15 09:39:31 - app.core.logging - INFO - Starting ReelRanker API...
2025-08-15 09:39:31 - app.core.logging - WARNING - Database initialization failed (this is OK for development): (psycopg2.OperationalError) connection to server at "localhost" (127.0.0.1), port 5432 failed: Connection refused
	Is the server running on that host and accepting TCP/IP connections?
connection to server at "localhost" (::1), port 5432 failed: Connection refused
	Is the server running on that host and accepting TCP/IP connections?

(Background on this error at: https://sqlalche.me/e/20/e3q8)
2025-08-15 09:39:31 - app.core.logging - INFO - API will run without database connection - using mock data
2025-08-15 09:39:31 - app.core.logging - INFO - ReelRanker API started successfully
2025-08-15 09:39:53 - app.core.logging - INFO - Shutting down ReelRanker API...
2025-08-15 09:39:53 - app.core.logging - INFO - Logging configured successfully
2025-08-15 09:39:53 - app.core.logging - INFO - Starting ReelRanker API...
2025-08-15 09:39:53 - app.core.logging - WARNING - Database initialization failed (this is OK for development): (psycopg2.OperationalError) connection to server at "localhost" (127.0.0.1), port 5432 failed: Connection refused
	Is the server running on that host and accepting TCP/IP connections?
connection to server at "localhost" (::1), port 5432 failed: Connection refused
	Is the server running on that host and accepting TCP/IP connections?

(Background on this error at: https://sqlalche.me/e/20/e3q8)
2025-08-15 09:39:53 - app.core.logging - INFO - API will run without database connection - using mock data
2025-08-15 09:39:53 - app.core.logging - INFO - ReelRanker API started successfully
2025-08-15 09:40:44 - app.core.logging - INFO - Shutting down ReelRanker API...
2025-08-15 09:40:44 - app.core.logging - INFO - Logging configured successfully
2025-08-15 09:40:45 - app.core.logging - INFO - Starting ReelRanker API...
2025-08-15 09:40:45 - app.core.logging - WARNING - Database initialization failed (this is OK for development): (psycopg2.OperationalError) connection to server at "localhost" (127.0.0.1), port 5432 failed: Connection refused
	Is the server running on that host and accepting TCP/IP connections?
connection to server at "localhost" (::1), port 5432 failed: Connection refused
	Is the server running on that host and accepting TCP/IP connections?

(Background on this error at: https://sqlalche.me/e/20/e3q8)
2025-08-15 09:40:45 - app.core.logging - INFO - API will run without database connection - using mock data
2025-08-15 09:40:45 - app.core.logging - INFO - ReelRanker API started successfully
2025-08-15 10:57:21 - app.core.logging - INFO - Shutting down ReelRanker API...
2025-08-15 10:57:21 - app.core.logging - INFO - Logging configured successfully
2025-08-15 10:57:22 - app.core.logging - INFO - Starting ReelRanker API...
2025-08-15 10:57:22 - app.core.logging - WARNING - Database initialization failed (this is OK for development): (psycopg2.OperationalError) connection to server at "localhost" (127.0.0.1), port 5432 failed: Connection refused
	Is the server running on that host and accepting TCP/IP connections?
connection to server at "localhost" (::1), port 5432 failed: Connection refused
	Is the server running on that host and accepting TCP/IP connections?

(Background on this error at: https://sqlalche.me/e/20/e3q8)
2025-08-15 10:57:22 - app.core.logging - INFO - API will run without database connection - using mock data
2025-08-15 10:57:22 - app.core.logging - INFO - ReelRanker API started successfully
2025-08-15 10:58:18 - app.core.logging - INFO - Shutting down ReelRanker API...
2025-08-15 10:58:18 - app.core.logging - INFO - Logging configured successfully
2025-08-15 10:58:19 - app.core.logging - INFO - Starting ReelRanker API...
2025-08-15 10:58:19 - app.core.logging - WARNING - Database initialization failed (this is OK for development): (psycopg2.OperationalError) connection to server at "localhost" (127.0.0.1), port 5432 failed: Connection refused
	Is the server running on that host and accepting TCP/IP connections?
connection to server at "localhost" (::1), port 5432 failed: Connection refused
	Is the server running on that host and accepting TCP/IP connections?

(Background on this error at: https://sqlalche.me/e/20/e3q8)
2025-08-15 10:58:19 - app.core.logging - INFO - API will run without database connection - using mock data
2025-08-15 10:58:19 - app.core.logging - INFO - ReelRanker API started successfully
2025-08-15 10:58:22 - app.core.logging - INFO - Shutting down ReelRanker API...
2025-08-15 10:58:22 - app.core.logging - INFO - Logging configured successfully
2025-08-15 10:58:23 - app.core.logging - INFO - Starting ReelRanker API...
2025-08-15 10:58:23 - app.core.logging - WARNING - Database initialization failed (this is OK for development): (psycopg2.OperationalError) connection to server at "localhost" (127.0.0.1), port 5432 failed: Connection refused
	Is the server running on that host and accepting TCP/IP connections?
connection to server at "localhost" (::1), port 5432 failed: Connection refused
	Is the server running on that host and accepting TCP/IP connections?

(Background on this error at: https://sqlalche.me/e/20/e3q8)
2025-08-15 10:58:23 - app.core.logging - INFO - API will run without database connection - using mock data
2025-08-15 10:58:23 - app.core.logging - INFO - ReelRanker API started successfully
2025-08-15 10:58:27 - app.core.logging - INFO - Shutting down ReelRanker API...
2025-08-15 10:58:27 - app.core.logging - INFO - Logging configured successfully
2025-08-15 10:58:28 - app.core.logging - INFO - Starting ReelRanker API...
2025-08-15 10:58:28 - app.core.logging - WARNING - Database initialization failed (this is OK for development): (psycopg2.OperationalError) connection to server at "localhost" (127.0.0.1), port 5432 failed: Connection refused
	Is the server running on that host and accepting TCP/IP connections?
connection to server at "localhost" (::1), port 5432 failed: Connection refused
	Is the server running on that host and accepting TCP/IP connections?

(Background on this error at: https://sqlalche.me/e/20/e3q8)
2025-08-15 10:58:28 - app.core.logging - INFO - API will run without database connection - using mock data
2025-08-15 10:58:28 - app.core.logging - INFO - ReelRanker API started successfully
2025-08-15 10:58:52 - app.core.logging - INFO - Shutting down ReelRanker API...
2025-08-15 10:58:52 - app.core.logging - INFO - Logging configured successfully
2025-08-15 10:58:53 - app.core.logging - INFO - Starting ReelRanker API...
2025-08-15 10:58:53 - app.core.logging - WARNING - Database initialization failed (this is OK for development): (psycopg2.OperationalError) connection to server at "localhost" (127.0.0.1), port 5432 failed: Connection refused
	Is the server running on that host and accepting TCP/IP connections?
connection to server at "localhost" (::1), port 5432 failed: Connection refused
	Is the server running on that host and accepting TCP/IP connections?

(Background on this error at: https://sqlalche.me/e/20/e3q8)
2025-08-15 10:58:53 - app.core.logging - INFO - API will run without database connection - using mock data
2025-08-15 10:58:53 - app.core.logging - INFO - ReelRanker API started successfully
2025-08-15 12:19:34 - app.core.logging - INFO - Shutting down ReelRanker API...
2025-08-15 12:39:59 - app.core.logging - INFO - Logging configured successfully
2025-08-15 12:39:59 - app.core.logging - INFO - Starting ReelRanker API...
2025-08-15 12:39:59 - app.core.logging - WARNING - Database initialization failed (this is OK for development): (psycopg2.OperationalError) connection to server at "localhost" (127.0.0.1), port 5432 failed: FATAL:  password authentication failed for user "user"

(Background on this error at: https://sqlalche.me/e/20/e3q8)
2025-08-15 12:39:59 - app.core.logging - INFO - API will run without database connection - using mock data
2025-08-15 12:39:59 - app.core.logging - INFO - ReelRanker API started successfully
2025-08-15 12:43:21 - app.core.logging - INFO - Shutting down ReelRanker API...
2025-08-15 12:44:50 - app.core.logging - INFO - Logging configured successfully
2025-08-15 12:44:50 - app.core.logging - INFO - Starting ReelRanker API...
2025-08-15 12:44:50 - sqlalchemy.engine.Engine - INFO - select pg_catalog.version()
2025-08-15 12:44:50 - sqlalchemy.engine.Engine - INFO - [raw sql] {}
2025-08-15 12:44:50 - sqlalchemy.engine.Engine - INFO - select current_schema()
2025-08-15 12:44:50 - sqlalchemy.engine.Engine - INFO - [raw sql] {}
2025-08-15 12:44:50 - sqlalchemy.engine.Engine - INFO - show standard_conforming_strings
2025-08-15 12:44:50 - sqlalchemy.engine.Engine - INFO - [raw sql] {}
2025-08-15 12:44:50 - sqlalchemy.engine.Engine - INFO - BEGIN (implicit)
2025-08-15 12:44:50 - sqlalchemy.engine.Engine - INFO - SELECT pg_catalog.pg_class.relname 
FROM pg_catalog.pg_class JOIN pg_catalog.pg_namespace ON pg_catalog.pg_namespace.oid = pg_catalog.pg_class.relnamespace 
WHERE pg_catalog.pg_class.relname = %(table_name)s AND pg_catalog.pg_class.relkind = ANY (ARRAY[%(param_1)s, %(param_2)s, %(param_3)s, %(param_4)s, %(param_5)s]) AND pg_catalog.pg_table_is_visible(pg_catalog.pg_class.oid) AND pg_catalog.pg_namespace.nspname != %(nspname_1)s
2025-08-15 12:44:50 - sqlalchemy.engine.Engine - INFO - [generated in 0.00017s] {'table_name': 'videos', 'param_1': 'r', 'param_2': 'p', 'param_3': 'f', 'param_4': 'v', 'param_5': 'm', 'nspname_1': 'pg_catalog'}
2025-08-15 12:44:50 - sqlalchemy.engine.Engine - INFO - SELECT pg_catalog.pg_class.relname 
FROM pg_catalog.pg_class JOIN pg_catalog.pg_namespace ON pg_catalog.pg_namespace.oid = pg_catalog.pg_class.relnamespace 
WHERE pg_catalog.pg_class.relname = %(table_name)s AND pg_catalog.pg_class.relkind = ANY (ARRAY[%(param_1)s, %(param_2)s, %(param_3)s, %(param_4)s, %(param_5)s]) AND pg_catalog.pg_table_is_visible(pg_catalog.pg_class.oid) AND pg_catalog.pg_namespace.nspname != %(nspname_1)s
2025-08-15 12:44:50 - sqlalchemy.engine.Engine - INFO - [cached since 0.003148s ago] {'table_name': 'topics', 'param_1': 'r', 'param_2': 'p', 'param_3': 'f', 'param_4': 'v', 'param_5': 'm', 'nspname_1': 'pg_catalog'}
2025-08-15 12:44:50 - sqlalchemy.engine.Engine - INFO - SELECT pg_catalog.pg_class.relname 
FROM pg_catalog.pg_class JOIN pg_catalog.pg_namespace ON pg_catalog.pg_namespace.oid = pg_catalog.pg_class.relnamespace 
WHERE pg_catalog.pg_class.relname = %(table_name)s AND pg_catalog.pg_class.relkind = ANY (ARRAY[%(param_1)s, %(param_2)s, %(param_3)s, %(param_4)s, %(param_5)s]) AND pg_catalog.pg_table_is_visible(pg_catalog.pg_class.oid) AND pg_catalog.pg_namespace.nspname != %(nspname_1)s
2025-08-15 12:44:50 - sqlalchemy.engine.Engine - INFO - [cached since 0.004126s ago] {'table_name': 'tags', 'param_1': 'r', 'param_2': 'p', 'param_3': 'f', 'param_4': 'v', 'param_5': 'm', 'nspname_1': 'pg_catalog'}
2025-08-15 12:44:50 - sqlalchemy.engine.Engine - INFO - COMMIT
2025-08-15 12:44:50 - app.core.logging - INFO - Database initialized successfully
2025-08-15 12:44:50 - app.core.logging - INFO - ReelRanker API started successfully
2025-08-15 12:45:13 - app.core.logging - INFO - Shutting down ReelRanker API...
2025-08-15 12:52:02 - app.core.logging - INFO - Logging configured successfully
2025-08-15 12:52:03 - app.core.logging - INFO - Starting ReelRanker API...
2025-08-15 12:52:03 - sqlalchemy.engine.Engine - INFO - select pg_catalog.version()
2025-08-15 12:52:03 - sqlalchemy.engine.Engine - INFO - [raw sql] {}
2025-08-15 12:52:03 - sqlalchemy.engine.Engine - INFO - select current_schema()
2025-08-15 12:52:03 - sqlalchemy.engine.Engine - INFO - [raw sql] {}
2025-08-15 12:52:03 - sqlalchemy.engine.Engine - INFO - show standard_conforming_strings
2025-08-15 12:52:03 - sqlalchemy.engine.Engine - INFO - [raw sql] {}
2025-08-15 12:52:03 - sqlalchemy.engine.Engine - INFO - BEGIN (implicit)
2025-08-15 12:52:03 - sqlalchemy.engine.Engine - INFO - SELECT pg_catalog.pg_class.relname 
FROM pg_catalog.pg_class JOIN pg_catalog.pg_namespace ON pg_catalog.pg_namespace.oid = pg_catalog.pg_class.relnamespace 
WHERE pg_catalog.pg_class.relname = %(table_name)s AND pg_catalog.pg_class.relkind = ANY (ARRAY[%(param_1)s, %(param_2)s, %(param_3)s, %(param_4)s, %(param_5)s]) AND pg_catalog.pg_table_is_visible(pg_catalog.pg_class.oid) AND pg_catalog.pg_namespace.nspname != %(nspname_1)s
2025-08-15 12:52:03 - sqlalchemy.engine.Engine - INFO - [generated in 0.00018s] {'table_name': 'videos', 'param_1': 'r', 'param_2': 'p', 'param_3': 'f', 'param_4': 'v', 'param_5': 'm', 'nspname_1': 'pg_catalog'}
2025-08-15 12:52:03 - sqlalchemy.engine.Engine - INFO - SELECT pg_catalog.pg_class.relname 
FROM pg_catalog.pg_class JOIN pg_catalog.pg_namespace ON pg_catalog.pg_namespace.oid = pg_catalog.pg_class.relnamespace 
WHERE pg_catalog.pg_class.relname = %(table_name)s AND pg_catalog.pg_class.relkind = ANY (ARRAY[%(param_1)s, %(param_2)s, %(param_3)s, %(param_4)s, %(param_5)s]) AND pg_catalog.pg_table_is_visible(pg_catalog.pg_class.oid) AND pg_catalog.pg_namespace.nspname != %(nspname_1)s
2025-08-15 12:52:03 - sqlalchemy.engine.Engine - INFO - [cached since 0.004379s ago] {'table_name': 'topics', 'param_1': 'r', 'param_2': 'p', 'param_3': 'f', 'param_4': 'v', 'param_5': 'm', 'nspname_1': 'pg_catalog'}
2025-08-15 12:52:03 - sqlalchemy.engine.Engine - INFO - SELECT pg_catalog.pg_class.relname 
FROM pg_catalog.pg_class JOIN pg_catalog.pg_namespace ON pg_catalog.pg_namespace.oid = pg_catalog.pg_class.relnamespace 
WHERE pg_catalog.pg_class.relname = %(table_name)s AND pg_catalog.pg_class.relkind = ANY (ARRAY[%(param_1)s, %(param_2)s, %(param_3)s, %(param_4)s, %(param_5)s]) AND pg_catalog.pg_table_is_visible(pg_catalog.pg_class.oid) AND pg_catalog.pg_namespace.nspname != %(nspname_1)s
2025-08-15 12:52:03 - sqlalchemy.engine.Engine - INFO - [cached since 0.005372s ago] {'table_name': 'tags', 'param_1': 'r', 'param_2': 'p', 'param_3': 'f', 'param_4': 'v', 'param_5': 'm', 'nspname_1': 'pg_catalog'}
2025-08-15 12:52:03 - sqlalchemy.engine.Engine - INFO - COMMIT
2025-08-15 12:52:03 - app.core.logging - INFO - Database initialized successfully
2025-08-15 12:52:03 - app.core.logging - INFO - ReelRanker API started successfully
2025-08-15 13:15:24 - app.core.logging - INFO - Shutting down ReelRanker API...
2025-08-15 13:15:24 - app.core.logging - INFO - Logging configured successfully
2025-08-15 13:15:24 - app.core.logging - INFO - Starting ReelRanker API...
2025-08-15 13:15:24 - sqlalchemy.engine.Engine - INFO - select pg_catalog.version()
2025-08-15 13:15:24 - sqlalchemy.engine.Engine - INFO - [raw sql] {}
2025-08-15 13:15:25 - sqlalchemy.engine.Engine - INFO - select current_schema()
2025-08-15 13:15:25 - sqlalchemy.engine.Engine - INFO - [raw sql] {}
2025-08-15 13:15:25 - sqlalchemy.engine.Engine - INFO - show standard_conforming_strings
2025-08-15 13:15:25 - sqlalchemy.engine.Engine - INFO - [raw sql] {}
2025-08-15 13:15:25 - sqlalchemy.engine.Engine - INFO - BEGIN (implicit)
2025-08-15 13:15:25 - sqlalchemy.engine.Engine - INFO - SELECT pg_catalog.pg_class.relname 
FROM pg_catalog.pg_class JOIN pg_catalog.pg_namespace ON pg_catalog.pg_namespace.oid = pg_catalog.pg_class.relnamespace 
WHERE pg_catalog.pg_class.relname = %(table_name)s AND pg_catalog.pg_class.relkind = ANY (ARRAY[%(param_1)s, %(param_2)s, %(param_3)s, %(param_4)s, %(param_5)s]) AND pg_catalog.pg_table_is_visible(pg_catalog.pg_class.oid) AND pg_catalog.pg_namespace.nspname != %(nspname_1)s
2025-08-15 13:15:25 - sqlalchemy.engine.Engine - INFO - [generated in 0.00022s] {'table_name': 'videos', 'param_1': 'r', 'param_2': 'p', 'param_3': 'f', 'param_4': 'v', 'param_5': 'm', 'nspname_1': 'pg_catalog'}
2025-08-15 13:15:25 - sqlalchemy.engine.Engine - INFO - SELECT pg_catalog.pg_class.relname 
FROM pg_catalog.pg_class JOIN pg_catalog.pg_namespace ON pg_catalog.pg_namespace.oid = pg_catalog.pg_class.relnamespace 
WHERE pg_catalog.pg_class.relname = %(table_name)s AND pg_catalog.pg_class.relkind = ANY (ARRAY[%(param_1)s, %(param_2)s, %(param_3)s, %(param_4)s, %(param_5)s]) AND pg_catalog.pg_table_is_visible(pg_catalog.pg_class.oid) AND pg_catalog.pg_namespace.nspname != %(nspname_1)s
2025-08-15 13:15:25 - sqlalchemy.engine.Engine - INFO - [cached since 0.003364s ago] {'table_name': 'topics', 'param_1': 'r', 'param_2': 'p', 'param_3': 'f', 'param_4': 'v', 'param_5': 'm', 'nspname_1': 'pg_catalog'}
2025-08-15 13:15:25 - sqlalchemy.engine.Engine - INFO - SELECT pg_catalog.pg_class.relname 
FROM pg_catalog.pg_class JOIN pg_catalog.pg_namespace ON pg_catalog.pg_namespace.oid = pg_catalog.pg_class.relnamespace 
WHERE pg_catalog.pg_class.relname = %(table_name)s AND pg_catalog.pg_class.relkind = ANY (ARRAY[%(param_1)s, %(param_2)s, %(param_3)s, %(param_4)s, %(param_5)s]) AND pg_catalog.pg_table_is_visible(pg_catalog.pg_class.oid) AND pg_catalog.pg_namespace.nspname != %(nspname_1)s
2025-08-15 13:15:25 - sqlalchemy.engine.Engine - INFO - [cached since 0.004243s ago] {'table_name': 'tags', 'param_1': 'r', 'param_2': 'p', 'param_3': 'f', 'param_4': 'v', 'param_5': 'm', 'nspname_1': 'pg_catalog'}
2025-08-15 13:15:25 - sqlalchemy.engine.Engine - INFO - COMMIT
2025-08-15 13:15:25 - app.core.logging - INFO - Database initialized successfully
2025-08-15 13:15:25 - app.core.logging - INFO - ReelRanker API started successfully
2025-08-15 13:15:37 - app.core.logging - INFO - Shutting down ReelRanker API...
2025-08-15 13:15:38 - app.core.logging - INFO - Logging configured successfully
2025-08-15 13:15:38 - app.core.logging - INFO - Starting ReelRanker API...
2025-08-15 13:15:38 - sqlalchemy.engine.Engine - INFO - select pg_catalog.version()
2025-08-15 13:15:38 - sqlalchemy.engine.Engine - INFO - [raw sql] {}
2025-08-15 13:15:38 - sqlalchemy.engine.Engine - INFO - select current_schema()
2025-08-15 13:15:38 - sqlalchemy.engine.Engine - INFO - [raw sql] {}
2025-08-15 13:15:38 - sqlalchemy.engine.Engine - INFO - show standard_conforming_strings
2025-08-15 13:15:38 - sqlalchemy.engine.Engine - INFO - [raw sql] {}
2025-08-15 13:15:38 - sqlalchemy.engine.Engine - INFO - BEGIN (implicit)
2025-08-15 13:15:38 - sqlalchemy.engine.Engine - INFO - SELECT pg_catalog.pg_class.relname 
FROM pg_catalog.pg_class JOIN pg_catalog.pg_namespace ON pg_catalog.pg_namespace.oid = pg_catalog.pg_class.relnamespace 
WHERE pg_catalog.pg_class.relname = %(table_name)s AND pg_catalog.pg_class.relkind = ANY (ARRAY[%(param_1)s, %(param_2)s, %(param_3)s, %(param_4)s, %(param_5)s]) AND pg_catalog.pg_table_is_visible(pg_catalog.pg_class.oid) AND pg_catalog.pg_namespace.nspname != %(nspname_1)s
2025-08-15 13:15:38 - sqlalchemy.engine.Engine - INFO - [generated in 0.00012s] {'table_name': 'videos', 'param_1': 'r', 'param_2': 'p', 'param_3': 'f', 'param_4': 'v', 'param_5': 'm', 'nspname_1': 'pg_catalog'}
2025-08-15 13:15:38 - sqlalchemy.engine.Engine - INFO - SELECT pg_catalog.pg_class.relname 
FROM pg_catalog.pg_class JOIN pg_catalog.pg_namespace ON pg_catalog.pg_namespace.oid = pg_catalog.pg_class.relnamespace 
WHERE pg_catalog.pg_class.relname = %(table_name)s AND pg_catalog.pg_class.relkind = ANY (ARRAY[%(param_1)s, %(param_2)s, %(param_3)s, %(param_4)s, %(param_5)s]) AND pg_catalog.pg_table_is_visible(pg_catalog.pg_class.oid) AND pg_catalog.pg_namespace.nspname != %(nspname_1)s
2025-08-15 13:15:38 - sqlalchemy.engine.Engine - INFO - [cached since 0.001967s ago] {'table_name': 'topics', 'param_1': 'r', 'param_2': 'p', 'param_3': 'f', 'param_4': 'v', 'param_5': 'm', 'nspname_1': 'pg_catalog'}
2025-08-15 13:15:38 - sqlalchemy.engine.Engine - INFO - SELECT pg_catalog.pg_class.relname 
FROM pg_catalog.pg_class JOIN pg_catalog.pg_namespace ON pg_catalog.pg_namespace.oid = pg_catalog.pg_class.relnamespace 
WHERE pg_catalog.pg_class.relname = %(table_name)s AND pg_catalog.pg_class.relkind = ANY (ARRAY[%(param_1)s, %(param_2)s, %(param_3)s, %(param_4)s, %(param_5)s]) AND pg_catalog.pg_table_is_visible(pg_catalog.pg_class.oid) AND pg_catalog.pg_namespace.nspname != %(nspname_1)s
2025-08-15 13:15:38 - sqlalchemy.engine.Engine - INFO - [cached since 0.002443s ago] {'table_name': 'tags', 'param_1': 'r', 'param_2': 'p', 'param_3': 'f', 'param_4': 'v', 'param_5': 'm', 'nspname_1': 'pg_catalog'}
2025-08-15 13:15:38 - sqlalchemy.engine.Engine - INFO - COMMIT
2025-08-15 13:15:38 - app.core.logging - INFO - Database initialized successfully
2025-08-15 13:15:38 - app.core.logging - INFO - ReelRanker API started successfully
2025-08-15 13:15:39 - app.core.logging - INFO - Shutting down ReelRanker API...
2025-08-15 13:15:39 - app.core.logging - INFO - Logging configured successfully
2025-08-15 13:15:40 - app.core.logging - INFO - Starting ReelRanker API...
2025-08-15 13:15:40 - sqlalchemy.engine.Engine - INFO - select pg_catalog.version()
2025-08-15 13:15:40 - sqlalchemy.engine.Engine - INFO - [raw sql] {}
2025-08-15 13:15:40 - sqlalchemy.engine.Engine - INFO - select current_schema()
2025-08-15 13:15:40 - sqlalchemy.engine.Engine - INFO - [raw sql] {}
2025-08-15 13:15:40 - sqlalchemy.engine.Engine - INFO - show standard_conforming_strings
2025-08-15 13:15:40 - sqlalchemy.engine.Engine - INFO - [raw sql] {}
2025-08-15 13:15:40 - sqlalchemy.engine.Engine - INFO - BEGIN (implicit)
2025-08-15 13:15:40 - sqlalchemy.engine.Engine - INFO - SELECT pg_catalog.pg_class.relname 
FROM pg_catalog.pg_class JOIN pg_catalog.pg_namespace ON pg_catalog.pg_namespace.oid = pg_catalog.pg_class.relnamespace 
WHERE pg_catalog.pg_class.relname = %(table_name)s AND pg_catalog.pg_class.relkind = ANY (ARRAY[%(param_1)s, %(param_2)s, %(param_3)s, %(param_4)s, %(param_5)s]) AND pg_catalog.pg_table_is_visible(pg_catalog.pg_class.oid) AND pg_catalog.pg_namespace.nspname != %(nspname_1)s
2025-08-15 13:15:40 - sqlalchemy.engine.Engine - INFO - [generated in 0.00022s] {'table_name': 'videos', 'param_1': 'r', 'param_2': 'p', 'param_3': 'f', 'param_4': 'v', 'param_5': 'm', 'nspname_1': 'pg_catalog'}
2025-08-15 13:15:40 - sqlalchemy.engine.Engine - INFO - SELECT pg_catalog.pg_class.relname 
FROM pg_catalog.pg_class JOIN pg_catalog.pg_namespace ON pg_catalog.pg_namespace.oid = pg_catalog.pg_class.relnamespace 
WHERE pg_catalog.pg_class.relname = %(table_name)s AND pg_catalog.pg_class.relkind = ANY (ARRAY[%(param_1)s, %(param_2)s, %(param_3)s, %(param_4)s, %(param_5)s]) AND pg_catalog.pg_table_is_visible(pg_catalog.pg_class.oid) AND pg_catalog.pg_namespace.nspname != %(nspname_1)s
2025-08-15 13:15:40 - sqlalchemy.engine.Engine - INFO - [cached since 0.00439s ago] {'table_name': 'topics', 'param_1': 'r', 'param_2': 'p', 'param_3': 'f', 'param_4': 'v', 'param_5': 'm', 'nspname_1': 'pg_catalog'}
2025-08-15 13:15:40 - sqlalchemy.engine.Engine - INFO - SELECT pg_catalog.pg_class.relname 
FROM pg_catalog.pg_class JOIN pg_catalog.pg_namespace ON pg_catalog.pg_namespace.oid = pg_catalog.pg_class.relnamespace 
WHERE pg_catalog.pg_class.relname = %(table_name)s AND pg_catalog.pg_class.relkind = ANY (ARRAY[%(param_1)s, %(param_2)s, %(param_3)s, %(param_4)s, %(param_5)s]) AND pg_catalog.pg_table_is_visible(pg_catalog.pg_class.oid) AND pg_catalog.pg_namespace.nspname != %(nspname_1)s
2025-08-15 13:15:40 - sqlalchemy.engine.Engine - INFO - [cached since 0.005409s ago] {'table_name': 'tags', 'param_1': 'r', 'param_2': 'p', 'param_3': 'f', 'param_4': 'v', 'param_5': 'm', 'nspname_1': 'pg_catalog'}
2025-08-15 13:15:40 - sqlalchemy.engine.Engine - INFO - COMMIT
2025-08-15 13:15:40 - app.core.logging - INFO - Database initialized successfully
2025-08-15 13:15:40 - app.core.logging - INFO - ReelRanker API started successfully
